 KPT            1  SPIN            1  KWEIGHT    1.0000000000000000     
     1   -26.322  1.00000
     2   -24.667  1.00000
     3   -24.499  1.00000
     4   -23.791  1.00000
     5   -17.769  1.00000
     6   -15.224  1.00000
     7   -13.649  1.00000
     8   -12.280  1.00000
     9   -11.956  1.00000
    10   -11.787  1.00000
    11   -11.259  1.00000
    12   -11.222  1.00000
    13   -10.674  1.00000
    14   -10.273  1.00000
    15    -9.212  1.00000
    16    -8.464  1.00000
    17    -7.895  1.00000
    18    -7.653  1.00000
    19    -7.593  1.00000
    20    -7.409  1.00000
    21    -7.199  1.00000
    22    -2.486  0.77808
    23    -2.456  0.22192
    24    -0.768  0.00000
    25    -0.464  0.00000
    26    -0.453  0.00000
    27     1.795  0.00000
    28     3.207  0.00000
    29     7.797  0.00000
    30    10.589  0.00000
    31    12.102  0.00000
    32    12.722  0.00000
    33    13.202  0.00000
    34    16.454  0.00000
    35    18.828  0.00000
    36    20.933  0.00000
    37    21.341  0.00000
    38    24.856  0.00000
    39    36.081  0.00000
    40    41.554  0.00000

 KPT            1  SPIN            2  KWEIGHT    1.0000000000000000     
     1   -26.194  1.00000
     2   -24.429  1.00000
     3   -23.986  1.00000
     4   -23.588  1.00000
     5   -17.650  1.00000
     6   -15.093  1.00000
     7   -13.529  1.00000
     8   -12.142  1.00000
     9   -11.789  1.00000
    10   -11.630  1.00000
    11   -11.101  1.00000
    12   -10.907  1.00000
    13   -10.459  1.00000
    14   -10.118  1.00000
    15    -9.091  1.00000
    16    -8.210  1.00000
    17    -7.676  1.00000
    18    -7.399  1.00000
    19    -7.039  1.03301
    20    -7.022  0.96750
    21    -6.876 -0.00051
    22    -2.208  0.00000
    23    -1.666  0.00000
    24    -0.511  0.00000
    25     0.398  0.00000
    26     0.406  0.00000
    27     1.873  0.00000
    28     3.478  0.00000
    29     7.895  0.00000
    30    10.708  0.00000
    31    12.331  0.00000
    32    12.860  0.00000
    33    13.982  0.00000
    34    16.520  0.00000
    35    18.998  0.00000
    36    20.978  0.00000
    37    21.386  0.00000
    38    24.972  0.00000
    39    36.150  0.00000
    40    41.626  0.00000

