 Methfessel-Paxton distribution function order           4

Calculation with static geometry


********************************************************************************
 iSCC Total electronic   Diff electronic      SCC error    
   31   -0.20492396E+02    0.16928862E-07    0.54445474E-06
********************************************************************************

 Total charge:    -0.00000000

 Atomic gross charges (e)
 Atom           Charge
    1       0.87024596
    2       0.10773977
    3       0.13722755
    4       0.07222322
    5       0.05200142
    6       0.08570099
    7       0.08059613
    8      -0.15656298
    9       0.47495535
   10      -0.27852389
   11      -0.51070241
   12      -0.58502781
   13      -0.34987331

Nr. of electrons (up):     22.00000000
Atom populations (up)
 Atom       Population
    1       1.55338043
    2       1.98651865
    3       1.93725136
    4       0.46825660
    5       0.48286108
    6       0.45540930
    7       0.46424312
    8       0.98381082
    9       0.38303585
   10       3.37354573
   11       3.34773628
   12       3.35432359
   13       3.20962719

l-shell populations (up)
 Atom Sh.   l       Population
    1   1   0       0.48440484
    1   2   1       1.06897559
    2   1   0       0.61018239
    2   2   1       1.37633626
    3   1   0       0.58276421
    3   2   1       1.35448715
    4   1   0       0.46825660
    5   1   0       0.48286108
    6   1   0       0.45540930
    7   1   0       0.46424312
    8   1   0       0.58684474
    8   2   1       0.39696608
    9   1   0       0.18928765
    9   2   1       0.19374820
   10   1   0       0.88376310
   10   2   1       2.48978263
   11   1   0       0.86909864
   11   2   1       2.47863763
   12   1   0       0.87251915
   12   2   1       2.48180444
   13   1   0       0.86128324
   13   2   1       2.34834395

Orbital populations (up)
 Atom Sh.   l   m       Population  Label
    1   1   0   0       0.48440484  s
    1   2   1  -1       0.35135506  p_y
    1   2   1   0       0.36495551  p_z
    1   2   1   1       0.35266502  p_x
    2   1   0   0       0.61018239  s
    2   2   1  -1       0.45333372  p_y
    2   2   1   0       0.50402313  p_z
    2   2   1   1       0.41897942  p_x
    3   1   0   0       0.58276421  s
    3   2   1  -1       0.49529104  p_y
    3   2   1   0       0.46821384  p_z
    3   2   1   1       0.39098228  p_x
    4   1   0   0       0.46825660  s
    5   1   0   0       0.48286108  s
    6   1   0   0       0.45540930  s
    7   1   0   0       0.46424312  s
    8   1   0   0       0.58684474  s
    8   2   1  -1       0.06220624  p_y
    8   2   1   0       0.08202649  p_z
    8   2   1   1       0.25273335  p_x
    9   1   0   0       0.18928765  s
    9   2   1  -1       0.09604129  p_y
    9   2   1   0       0.02912176  p_z
    9   2   1   1       0.06858515  p_x
   10   1   0   0       0.88376310  s
   10   2   1  -1       0.92203625  p_y
   10   2   1   0       0.90475833  p_z
   10   2   1   1       0.66298805  p_x
   11   1   0   0       0.86909864  s
   11   2   1  -1       0.86031399  p_y
   11   2   1   0       0.85652013  p_z
   11   2   1   1       0.76180351  p_x
   12   1   0   0       0.87251915  s
   12   2   1  -1       0.76736115  p_y
   12   2   1   0       0.81587754  p_z
   12   2   1   1       0.89856575  p_x
   13   1   0   0       0.86128324  s
   13   2   1  -1       0.85175206  p_y
   13   2   1   0       0.89823497  p_z
   13   2   1   1       0.59835691  p_x

Nr. of electrons (down):     20.00000000
Atom populations (down)
 Atom       Population
    1       1.57637361
    2       1.90574158
    3       1.92552108
    4       0.45952018
    5       0.46513749
    6       0.45888971
    7       0.45516075
    8       0.17275217
    9       0.14200879
   10       2.90497816
   11       3.16296614
   12       3.23070421
   13       3.14024612

l-shell populations (down)
 Atom Sh.   l       Population
    1   1   0       0.48975879
    1   2   1       1.08661482
    2   1   0       0.60382423
    2   2   1       1.30191736
    3   1   0       0.58834741
    3   2   1       1.33717368
    4   1   0       0.45952018
    5   1   0       0.46513749
    6   1   0       0.45888971
    7   1   0       0.45516075
    8   1   0       0.03610222
    8   2   1       0.13664995
    9   1   0       0.04782241
    9   2   1       0.09418638
   10   1   0       0.87970422
   10   2   1       2.02527394
   11   1   0       0.86654299
   11   2   1       2.29642315
   12   1   0       0.87097988
   12   2   1       2.35972433
   13   1   0       0.86038568
   13   2   1       2.27986044

Orbital populations (down)
 Atom Sh.   l   m       Population  Label
    1   1   0   0       0.48975879  s
    1   2   1  -1       0.35586456  p_y
    1   2   1   0       0.37332847  p_z
    1   2   1   1       0.35742178  p_x
    2   1   0   0       0.60382423  s
    2   2   1  -1       0.44342472  p_y
    2   2   1   0       0.46429994  p_z
    2   2   1   1       0.39419269  p_x
    3   1   0   0       0.58834741  s
    3   2   1  -1       0.49868905  p_y
    3   2   1   0       0.44154122  p_z
    3   2   1   1       0.39694341  p_x
    4   1   0   0       0.45952018  s
    5   1   0   0       0.46513749  s
    6   1   0   0       0.45888971  s
    7   1   0   0       0.45516075  s
    8   1   0   0       0.03610222  s
    8   2   1  -1       0.05337293  p_y
    8   2   1   0       0.02450033  p_z
    8   2   1   1       0.05877670  p_x
    9   1   0   0       0.04782241  s
    9   2   1  -1       0.07783008  p_y
    9   2   1   0       0.02351567  p_z
    9   2   1   1      -0.00715937  p_x
   10   1   0   0       0.87970422  s
   10   2   1  -1       0.93609777  p_y
   10   2   1   0       0.48561522  p_z
   10   2   1   1       0.60356095  p_x
   11   1   0   0       0.86654299  s
   11   2   1  -1       0.80650987  p_y
   11   2   1   0       0.73970424  p_z
   11   2   1   1       0.75020904  p_x
   12   1   0   0       0.87097988  s
   12   2   1  -1       0.73168109  p_y
   12   2   1   0       0.81113338  p_z
   12   2   1   1       0.81690986  p_x
   13   1   0   0       0.86038568  s
   13   2   1  -1       0.84852283  p_y
   13   2   1   0       0.84487837  p_z
   13   2   1   1       0.58645924  p_x

Spin  up
Fermi level:                        -0.0908156617 H           -2.4712 eV
Band energy:                       -10.4102543985 H         -283.2774 eV
TS:                                  0.0010867064 H            0.0296 eV
Band free energy (E-TS):           -10.4113411049 H         -283.3070 eV
Extrapolated E(0K):                -10.4109788694 H         -283.2971 eV
Input / Output electrons (up):     22.0000000000     22.0000000000

Spin  down
Fermi level:                        -0.2569108756 H           -6.9909 eV
Band energy:                        -9.8875173624 H         -269.0530 eV
TS:                                  0.0002928442 H            0.0080 eV
Band free energy (E-TS):            -9.8878102066 H         -269.0610 eV
Extrapolated E(0K):                 -9.8877125919 H         -269.0583 eV
Input / Output electrons (down):     20.0000000000     20.0000000000

Energy H0:                         -20.5390436595 H         -558.8958 eV
Energy SCC:                          0.0572746609 H            1.5585 eV
Energy SPIN:                        -0.0106265570 H           -0.2892 eV
Total Electronic energy:           -20.4923955556 H         -557.6265 eV
Repulsive energy:                    0.0000000000 H            0.0000 eV
Total energy:                      -20.4923955556 H         -557.6265 eV
Extrapolated to 0:                 -20.4930853309 H         -557.6452 eV
Total Mermin free energy:          -20.4937751062 H         -557.6640 eV
Force related energy:              -20.4937751062 H         -557.6640 eV

SCC converged

Total Forces
    1     -0.144398885177     -0.049423906704     -0.062010494277
    2      0.014462066742      0.042746003107      0.099717300245
    3      0.041274824353     -0.010808320011     -0.055443883900
    4      0.073833040804      0.084360043503      0.059816870762
    5     -0.011729420026     -0.090696131520      0.067773399721
    6     -0.089212834750      0.031621048607     -0.089940834799
    7      0.051911897190     -0.117213392727     -0.011227666075
    8     -0.065626821662      0.012399687411     -0.024224989459
    9      0.061410245876     -0.019786468187      0.016983001237
   10     -0.075863802720     -0.001828907212     -0.020267040516
   11      0.168040240395      0.249763921824     -0.030466441745
   12      0.000674905837     -0.273398397744      0.130918704523
   13     -0.024775456863      0.142264819653     -0.081627925716

Total stress tensor
     -0.000047706944     -0.000002928442     -0.000011485338
     -0.000002928442     -0.000049160086      0.000014830198
     -0.000011485338      0.000014830199     -0.000018241980

Total lattice derivs
      0.000000000000      0.000000000000      0.000000000000
      0.000000000000      0.000000000000      0.000000000000
      0.000000000000      0.000000000000      0.000000000000

Maximal derivative component:        0.273398E+00 au

Volume:                              0.350913E+05 au^3
Pressure:                            0.000000E+00 au     0.000000E+00 Pa


